[28-Sep-2023 08:56:03] NOTICE: fpm is running, pid 2654
[28-Sep-2023 08:56:03] NOTICE: ready to handle connections
[28-Sep-2023 08:56:24] NOTICE: Terminating ...
[28-Sep-2023 08:56:24] NOTICE: Terminating ...
[28-Sep-2023 08:56:24] NOTICE: exiting, bye-bye!
[28-Sep-2023 08:56:26] NOTICE: fpm is running, pid 2754
[28-Sep-2023 08:56:26] NOTICE: ready to handle connections
[28-Sep-2023 09:10:43] NOTICE: Terminating ...
[28-Sep-2023 09:10:43] NOTICE: Terminating ...
[28-Sep-2023 09:10:43] NOTICE: exiting, bye-bye!
[29-Sep-2023 08:02:50] NOTICE: fpm is running, pid 909
[29-Sep-2023 08:02:50] NOTICE: ready to handle connections
[29-Sep-2023 18:19:55] NOTICE: Terminating ...
[29-Sep-2023 18:19:55] NOTICE: Terminating ...
[29-Sep-2023 18:19:55] NOTICE: exiting, bye-bye!
[01-Oct-2023 11:49:29] NOTICE: fpm is running, pid 1105
[01-Oct-2023 11:49:29] NOTICE: ready to handle connections
[01-Oct-2023 11:49:57] NOTICE: Terminating ...
[01-Oct-2023 11:49:57] NOTICE: Terminating ...
[01-Oct-2023 11:49:57] NOTICE: exiting, bye-bye!
[02-Oct-2023 14:00:12] NOTICE: fpm is running, pid 5282
[02-Oct-2023 14:00:12] NOTICE: ready to handle connections
[02-Oct-2023 14:10:59] NOTICE: Terminating ...
[02-Oct-2023 14:10:59] NOTICE: Terminating ...
[02-Oct-2023 14:10:59] NOTICE: exiting, bye-bye!
[02-Oct-2023 14:11:05] NOTICE: fpm is running, pid 5632
[02-Oct-2023 14:11:05] NOTICE: ready to handle connections
